24-04-26 18:20:56 - __main__ - DEBUG - test
24-04-26 18:21:23 - __main__ - DEBUG - test
24-04-26 18:21:31 - __main__ - DEBUG - test
24-04-26 18:21:33 - __main__ - DEBUG - test
24-04-26 18:21:53 - __main__ - DEBUG - test
24-04-26 18:22:07 - __main__ - DEBUG - test
24-04-26 18:22:18 - __main__ - DEBUG - test
24-04-26 18:22:21 - __main__ - DEBUG - test
24-04-26 18:22:39 - __main__ - DEBUG - s
24-04-26 18:23:03 - [DEBUG] - s
24-04-26 18:23:46 [DEBUG] s
24-04-26 18:23:48 [INFO] Found 1 datasets
24-04-26 18:23:52 [INFO] ------ Dataset: Brain Tumor | Shape: (3762, 14) | Label ratio: 0.55 -------
24-04-26 18:23:59 [INFO] Step 0: Data split done | 2633 - 1129
24-04-26 18:24:00 [DEBUG] Step 1: Standard scaling complete
24-04-26 18:24:02 [INFO] Step 2: Performing clustering
24-04-26 18:24:04 [DEBUG] Evaluation on train
24-04-26 18:24:04 [DEBUG] 	silhouette = 0.576
24-04-26 18:24:04 [DEBUG] 	calinski_harabasz = 4271.135
24-04-26 18:24:04 [DEBUG] 	inertia = 226439514.251
24-04-26 18:24:04 [DEBUG] Evaluation on test
24-04-26 18:24:04 [DEBUG] 	silhouette = 0.596
24-04-26 18:24:04 [DEBUG] 	calinski_harabasz = 1865.18
24-04-26 18:24:04 [INFO] Step 2: Clustering done
24-04-26 18:24:06 [DEBUG] Evaluation on train
24-04-26 18:24:06 [DEBUG] 	Accuracy:  0.65
24-04-26 18:24:06 [DEBUG] 	F1 Score: 0.54
24-04-26 18:24:06 [DEBUG] 	Confusion Matrix: 
[[1190  232]
 [ 682  529]]
24-04-26 18:24:06 [DEBUG] Evaluation on test
24-04-26 18:24:06 [DEBUG] 	Accuracy:  0.68
24-04-26 18:24:06 [DEBUG] 	F1 Score: 0.54
24-04-26 18:24:06 [DEBUG] 	Confusion Matrix: 
[[551 106]
 [256 216]]
24-04-26 18:37:25 [INFO] Step 2: Performing clustering
24-04-26 18:37:25 [DEBUG] Evaluation on train
24-04-26 18:37:25 [DEBUG] 	silhouette = 0.576
24-04-26 18:37:25 [DEBUG] 	calinski_harabasz = 4271.135
24-04-26 18:37:25 [DEBUG] 	inertia = 226439514.251
24-04-26 18:37:25 [DEBUG] Evaluation on test
24-04-26 18:37:25 [DEBUG] 	silhouette = 0.596
24-04-26 18:37:25 [DEBUG] 	calinski_harabasz = 1865.18
24-04-26 18:37:25 [INFO] Step 2: Clustering done
24-04-26 18:37:28 [DEBUG] Evaluation on train
24-04-26 18:37:28 [DEBUG] 	Accuracy:  0.65
24-04-26 18:37:28 [DEBUG] 	F1 Score: 0.54
24-04-26 18:37:28 [DEBUG] 	Confusion Matrix: 
[[1190  232]
 [ 682  529]]
24-04-26 18:37:28 [DEBUG] Evaluation on test
24-04-26 18:37:28 [DEBUG] 	Accuracy:  0.68
24-04-26 18:37:28 [DEBUG] 	F1 Score: 0.54
24-04-26 18:37:28 [DEBUG] 	Confusion Matrix: 
[[551 106]
 [256 216]]
24-04-26 18:37:56 [DEBUG] s
24-04-26 18:37:56 [INFO] Found 1 datasets
24-04-26 18:37:57 [INFO] ------ Dataset: Brain Tumor | Shape: (3762, 14) | Label ratio: 0.55 -------
24-04-26 18:37:58 [INFO] Step 0: Data split done | 2633 - 1129
24-04-26 18:37:59 [DEBUG] Step 1: Standard scaling complete
24-04-26 18:38:00 [INFO] Step 2: Performing clustering
24-04-26 18:38:01 [DEBUG] Evaluation on train
24-04-26 18:38:01 [DEBUG] 	silhouette = 0.587
24-04-26 18:38:01 [DEBUG] 	calinski_harabasz = 4402.625
24-04-26 18:38:01 [DEBUG] 	inertia = 235854577.766
24-04-26 18:38:01 [DEBUG] Evaluation on test
24-04-26 18:38:01 [DEBUG] 	silhouette = 0.577
24-04-26 18:38:01 [DEBUG] 	calinski_harabasz = 1713.531
24-04-26 18:38:01 [INFO] Step 2: Clustering done
24-04-26 18:38:04 [DEBUG] Evaluation on train
24-04-26 18:38:04 [DEBUG] 	Accuracy:  0.67
24-04-26 18:38:04 [DEBUG] 	F1 Score: 0.55
24-04-26 18:38:04 [DEBUG] 	Confusion Matrix: 
[[1218  225]
 [ 654  536]]
24-04-26 18:38:04 [DEBUG] Evaluation on test
24-04-26 18:38:04 [DEBUG] 	Accuracy:  0.65
24-04-26 18:38:04 [DEBUG] 	F1 Score: 0.49
24-04-26 18:38:04 [DEBUG] 	Confusion Matrix: 
[[538  98]
 [300 193]]
